\BOOKMARK [0][-]{chapter.1}{\376\377\173\054\116\000\172\340\000\040\000\040\176\352\213\272\000\040\377\010\0004\133\146\145\366\377\011}{}% 1
\BOOKMARK [1][-]{section.1.1}{\376\377\136\070\137\256\122\006\145\271\172\013}{chapter.1}% 2
\BOOKMARK [2][-]{subsection.1.1.1}{\376\377\136\070\137\256\122\006\145\271\172\013\152\041\127\213}{section.1.1}% 3
\BOOKMARK [2][-]{subsection.1.1.2}{\376\377\136\070\137\256\122\006\145\271\172\013\154\102\211\343\145\271\154\325}{section.1.1}% 4
\BOOKMARK [2][-]{subsection.1.1.3}{\376\377\120\263\221\314\123\366\176\247\145\160\124\214\120\205\221\314\123\366\123\330\143\142}{section.1.1}% 5
\BOOKMARK [2][-]{subsection.1.1.4}{\376\377\117\134\116\032}{section.1.1}% 6
\BOOKMARK [0][-]{chapter.2}{\376\377\173\054\116\214\172\340\000\040\000\040\176\277\140\047\120\117\137\256\122\006\145\271\172\013\377\010\0006\133\146\145\366\377\011}{}% 7
\BOOKMARK [1][-]{section.2.1}{\376\377\154\342\122\250\145\271\172\013}{chapter.2}% 8
\BOOKMARK [2][-]{subsection.2.1.1}{\376\377\154\342\122\250\145\271\172\013\166\204\136\372\172\313}{section.2.1}% 9
\BOOKMARK [2][-]{subsection.2.1.2}{\376\377\154\342\122\250\145\271\172\013\166\204\154\102\211\343}{section.2.1}% 10
\BOOKMARK [2][-]{subsection.2.1.3}{\376\377\126\372\147\011\121\375\145\160\153\143\116\244\140\047\225\356\230\230}{section.2.1}% 11
\BOOKMARK [2][-]{subsection.2.1.4}{\376\377\154\342\122\250\145\271\172\013\122\035\120\074\225\356\230\230}{section.2.1}% 12
\BOOKMARK [2][-]{subsection.2.1.5}{\376\377\117\134\116\032\377\032\154\102\211\343\154\342\122\250\145\271\172\013\122\035\217\271\120\074\225\356\230\230}{section.2.1}% 13
\BOOKMARK [1][-]{section.2.2}{\376\377\217\223\217\320\000\050\160\355\117\040\133\374\000\051\145\271\172\013}{chapter.2}% 14
\BOOKMARK [2][-]{subsection.2.2.1}{\376\377\145\271\172\013\166\204\136\372\172\313}{section.2.2}% 15
\BOOKMARK [2][-]{subsection.2.2.2}{\376\377\160\355\117\040\133\374\145\271\172\013\166\204\154\102\211\343}{section.2.2}% 16
\BOOKMARK [2][-]{subsection.2.2.3}{\376\377\160\355\117\040\133\374\145\271\172\013\122\035\120\074\225\356\230\230}{section.2.2}% 17
\BOOKMARK [2][-]{subsection.2.2.4}{\376\377\126\372\147\011\121\375\145\160\116\016\217\271\165\114\147\141\116\366\166\204\166\370\121\163\140\047}{section.2.2}% 18
\BOOKMARK [2][-]{subsection.2.2.5}{\376\377\117\134\116\032\377\032}{section.2.2}% 19
\BOOKMARK [1][-]{section.2.3}{\376\377\142\311\146\156\142\311\145\257\377\010\127\072\377\011\145\271\172\013}{chapter.2}% 20
\BOOKMARK [2][-]{subsection.2.3.1}{\376\377\145\271\172\013\166\204\136\372\172\313}{section.2.3}% 21
\BOOKMARK [2][-]{subsection.2.3.2}{\376\377\167\351\137\142\123\072\127\337\116\012\142\311\146\156\142\311\145\257\145\271\172\013\166\204\154\102\211\343}{section.2.3}% 22
\BOOKMARK [2][-]{subsection.2.3.3}{\376\377\127\006\127\337\116\012\142\311\146\156\142\311\145\257\145\271\172\013\166\204\154\102\211\343}{section.2.3}% 23
\BOOKMARK [2][-]{subsection.2.3.4}{\376\377\117\134\116\032\377\032}{section.2.3}% 24
\BOOKMARK [0][-]{chapter.3}{\376\377\173\054\116\011\172\340\000\040\000\040\205\233\133\232\214\024\145\271\172\013\000\040\000I\377\010\0006\133\146\145\366\377\011}{}% 25
\BOOKMARK [1][-]{section.3.1}{\376\377\205\233\133\232\214\024\145\271\172\013\122\006\171\273\123\330\221\317\154\325}{chapter.3}% 26
\BOOKMARK [2][-]{subsection.3.1.1}{\376\377\145\271\172\013\166\204\136\372\172\313}{section.3.1}% 27
\BOOKMARK [2][-]{subsection.3.1.2}{\376\377\124\053\145\366\205\233\133\232\214\024\145\271\172\013}{section.3.1}% 28
\BOOKMARK [2][-]{subsection.3.1.3}{\376\377\133\232\140\001\205\233\133\232\214\024\145\271\172\013}{section.3.1}% 29
\BOOKMARK [2][-]{subsection.3.1.4}{\376\377\123\125\174\222\133\120\133\232\140\001\205\233\133\232\214\024\145\271\172\013}{section.3.1}% 30
\BOOKMARK [2][-]{subsection.3.1.5}{\376\377\117\134\116\032\377\032}{section.3.1}% 31
\BOOKMARK [1][-]{section.3.2}{\376\377\221\317\133\120\214\020\143\057\133\120\116\016\123\204\133\306\145\271\172\013}{chapter.3}% 32
\BOOKMARK [2][-]{subsection.3.2.1}{\376\377\214\020\1